<?xml version="1.0" encoding="UTF-8"?>
<!-- Generated by org.testng.reporters.JUnitReportReporter -->
<testsuite hostname="GURU" failures="0" tests="4" name="testng.PrioritizingTestCases" time="0.015" errors="0" timestamp="2023-05-06T09:51:29 IST" skipped="0">
  <testcase classname="testng.PrioritizingTestCases" name="demoTest2" time="0.011"/>
  <system-out>
    <![CDATA[demoTest2]]>
  </system-out>
  <testcase classname="testng.PrioritizingTestCases" name="demoTest4" time="0.002"/>
  <system-out>
    <![CDATA[demoTest4]]>
  </system-out>
  <testcase classname="testng.PrioritizingTestCases" name="demoTest3" time="0.001"/>
  <system-out>
    <![CDATA[demoTest3]]>
  </system-out>
  <testcase classname="testng.PrioritizingTestCases" name="demoTest1" time="0.001"/>
  <system-out>
    <![CDATA[demoTest1]]>
  </system-out>
</testsuite> <!-- testng.PrioritizingTestCases -->
