<?xml version="1.0" encoding="UTF-8"?>
<!-- Generated by org.testng.reporters.JUnitReportReporter -->
<testsuite hostname="GURU" failures="0" tests="2" name="BatchExecution.TestClass1" time="0.014" errors="0" timestamp="2023-05-15T12:54:36 IST" skipped="0">
  <testcase classname="BatchExecution.TestClass1" name="demo2" time="0.001"/>
  <system-out>
    <![CDATA[Testclass1-demo2]]>
  </system-out>
  <testcase classname="BatchExecution.TestClass1" name="demo1" time="0.013"/>
  <system-out>
    <![CDATA[Testclass1-demo1]]>
  </system-out>
</testsuite> <!-- BatchExecution.TestClass1 -->
