<?xml version="1.0" encoding="UTF-8"?>
<!-- Generated by org.testng.reporters.JUnitReportReporter -->
<testsuite hostname="GURU" failures="0" tests="3" name="dataProviders.DataProviderPractice" time="0.010" errors="0" timestamp="2023-05-27T09:40:30 IST" skipped="0">
  <testcase classname="dataProviders.DataProviderPractice" name="bookTicketTest" time="0.001"/>
  <system-out/>
  <testcase classname="dataProviders.DataProviderPractice" name="bookTicketTest" time="0.008"/>
  <system-out/>
  <testcase classname="dataProviders.DataProviderPractice" name="bookTicketTest" time="0.001"/>
  <system-out/>
</testsuite> <!-- dataProviders.DataProviderPractice -->
