<?xml version="1.0" encoding="UTF-8"?>
<!-- Generated by org.testng.reporters.JUnitReportReporter -->
<testsuite hostname="GURU" failures="0" tests="2" name="Annotation.TestClass" time="0.002" errors="0" timestamp="2023-05-11T16:26:11 IST" skipped="0">
  <testcase classname="Annotation.TestClass" name="test2" time="0.001"/>
  <system-out/>
  <testcase classname="Annotation.TestClass" name="test1" time="0.001"/>
  <system-out/>
</testsuite> <!-- Annotation.TestClass -->
