<?xml version="1.0" encoding="UTF-8"?>
<!-- Generated by org.testng.reporters.JUnitReportReporter -->
<testsuite hostname="GURU" failures="0" tests="2" name="BatchExecution.TestClass2" time="0.003" errors="0" timestamp="2023-05-15T12:54:36 IST" skipped="0">
  <testcase classname="BatchExecution.TestClass2" name="test1" time="0.001"/>
  <system-out>
    <![CDATA[Testclass2-test1]]>
  </system-out>
  <testcase classname="BatchExecution.TestClass2" name="test2" time="0.002"/>
  <system-out>
    <![CDATA[Testclass2-test2]]>
  </system-out>
</testsuite> <!-- BatchExecution.TestClass2 -->
