<?xml version="1.0" encoding="UTF-8"?>
<!-- Generated by org.testng.reporters.JUnitReportReporter -->
<testsuite hostname="GURU" failures="0" tests="4" name="groupExecution.TestClass1" time="0.012" errors="0" timestamp="2023-05-15T13:08:08 IST" skipped="0">
  <testcase classname="groupExecution.TestClass1" name="demo2" time="0.001"/>
  <system-out/>
  <testcase classname="groupExecution.TestClass1" name="demo4" time="0.001"/>
  <system-out/>
  <testcase classname="groupExecution.TestClass1" name="demo3" time="0.001"/>
  <system-out/>
  <testcase classname="groupExecution.TestClass1" name="demo1" time="0.009"/>
  <system-out/>
</testsuite> <!-- groupExecution.TestClass1 -->
