<?xml version="1.0" encoding="UTF-8"?>
<!-- Generated by org.testng.reporters.JUnitReportReporter -->
<testsuite hostname="GURU" failures="0" tests="1" name="listeners.TestClass" time="0.009" errors="0" timestamp="2023-05-15T13:24:43 IST" skipped="0">
  <testcase classname="listeners.TestClass" name="tc1" time="0.009"/>
  <system-out>
    <![CDATA[Hello World]]>
  </system-out>
</testsuite> <!-- listeners.TestClass -->
