<?xml version="1.0" encoding="UTF-8"?>
<!-- Generated by org.testng.reporters.JUnitReportReporter -->
<testsuite hostname="GURU" failures="0" tests="3" name="groupExecution.TestClass2" time="0.003" errors="0" timestamp="2023-05-15T13:08:08 IST" skipped="0">
  <testcase classname="groupExecution.TestClass2" name="test1" time="0.001"/>
  <system-out/>
  <testcase classname="groupExecution.TestClass2" name="test2" time="0.001"/>
  <system-out/>
  <testcase classname="groupExecution.TestClass2" name="test3" time="0.001"/>
  <system-out/>
</testsuite> <!-- groupExecution.TestClass2 -->
