<?xml version="1.0" encoding="UTF-8"?>
<!-- Generated by org.testng.reporters.JUnitReportReporter -->
<testsuite hostname="GURU" failures="0" tests="2" name="DistrubutedParallel.TestClass4" time="0.003" errors="0" timestamp="2023-05-11T09:39:04 IST" skipped="0">
  <testcase classname="DistrubutedParallel.TestClass4" name="test1" time="0.001"/>
  <system-out>
    <![CDATA[demo1]]>
  </system-out>
  <testcase classname="DistrubutedParallel.TestClass4" name="test2" time="0.002"/>
  <system-out>
    <![CDATA[demo2]]>
  </system-out>
</testsuite> <!-- DistrubutedParallel.TestClass4 -->
