<?xml version="1.0" encoding="UTF-8"?>
<!-- Generated by org.testng.reporters.JUnitReportReporter -->
<testsuite hostname="GURU" failures="0" tests="1" name="testng.SampleTest" time="0.015" errors="0" timestamp="2023-05-06T09:28:55 IST" skipped="0">
  <testcase classname="testng.SampleTest" name="demoTest" time="0.015"/>
  <system-out>
    <![CDATA[Hello World]]>
  </system-out>
</testsuite> <!-- testng.SampleTest -->
